* installing *source* package 'VedicDateTimeSample' ...
** using staged installation
** R
** inst
** byte-compile and prepare package for lazy loading
 [1]  0.000000e+00 -7.666902e+01  0.000000e+00  0.000000e+00  2.549591e+02
 [6] -2.319771e+01 -2.319771e+01  0.000000e+00  0.000000e+00 -1.000000e+08
[11] -1.000000e+08  0.000000e+00  0.000000e+00  0.000000e+00  0.000000e+00
[16]  0.000000e+00  0.000000e+00  0.000000e+00  0.000000e+00  0.000000e+00
[1] "The Moon is Waxing (Growing towards Full Moon)."
[1] "Kumbha"
$return
[1] 4

$attr
 [1] 3.515896e+01 9.087788e-01 1.061542e+02 2.398163e-03 3.128590e-01
 [6] 0.000000e+00 0.000000e+00 0.000000e+00 0.000000e+00 0.000000e+00
[11] 0.000000e+00 0.000000e+00 0.000000e+00 0.000000e+00 0.000000e+00
[16] 0.000000e+00 0.000000e+00 0.000000e+00 0.000000e+00 0.000000e+00

$serr
[1] ""

 [1]  0.000000e+00 -7.666902e+01  0.000000e+00  0.000000e+00  2.549591e+02
 [6] -2.319771e+01 -2.319771e+01  0.000000e+00  0.000000e+00 -1.000000e+08
[11] -1.000000e+08  0.000000e+00  0.000000e+00  0.000000e+00  0.000000e+00
[16]  0.000000e+00  0.000000e+00  0.000000e+00  0.000000e+00  0.000000e+00
** help
*** installing help indices
** building package indices
** installing vignettes
** testing if installed package can be loaded from temporary location
** testing if installed package can be loaded from final location
** testing if installed package keeps a record of temporary installation path
* MD5 sums
packaged installation of 'VedicDateTimeSample' as VedicDateTimeSample_0.1.0.zip
* DONE (VedicDateTimeSample)
